#
# A fatal error has been detected by the Java Runtime Environment:
#
#  EXCEPTION_ILLEGAL_INSTRUCTION (0xc000001d) at pc=0x00000000748d7dd1, pid=8168, tid=0x0000000000001584
#
# JRE version: Java(TM) SE Runtime Environment (8.0_102-b14) (build 1.8.0_102-b14)
# Java VM: Java HotSpot(TM) 64-Bit Server VM (25.102-b14 mixed mode windows-amd64 compressed oops)
# Problematic frame:
# V  [jvm.dll+0x5c7dd1]
#
# Failed to write core dump. Minidumps are not enabled by default on client versions of Windows
#
# If you would like to submit a bug report, please visit:
#   http://bugreport.java.com/bugreport/crash.jsp
#

---------------  T H R E A D  ---------------

Current thread (0x0000000017512000):  JavaThread "C2 CompilerThread1" daemon [_thread_in_native, id=5508, stack(0x0000000018c60000,0x0000000018d60000)]

siginfo: ExceptionCode=0xc000001d

Registers:
RAX=0x0000000017568f90, RBX=0x0000000000000015, RCX=0x0000000017567e50, RDX=0x000000001abee1d0
RSP=0x0000000018d5c618, RBP=0x0000000000000000, RSI=0x000000001abee1d0, RDI=0x0000000074310000
R8 =0x0000000017567e50, R9 =0x00000000748e31de, R10=0x00000000175686f0, R11=0x000000001abee1d0
R12=0x0000000000000000, R13=0x0000000017567300, R14=0x0000000018d5caf0, R15=0x00000000175675b0
RIP=0x00000000748d7dd1, EFLAGS=0x0000000000010206

Top of Stack: (sp=0x0000000018d5c618)
0x0000000018d5c618:   00000000748e31e6 000000001abedc58
0x0000000018d5c628:   0000000000000000 000000001abedc58
0x0000000018d5c638:   000000001abee190 000000001abedc58
0x0000000018d5c648:   00000000747f0606 0000000018d5caf0
0x0000000018d5c658:   000000001abee190 0000000017568f90
0x0000000018d5c668:   000000001abedc58 0000000000000001
0x0000000018d5c678:   0000000000000000 0000000400000004
0x0000000018d5c688:   0000000000000020 0000000017567e70
0x0000000018d5c698:   00000000747f01f9 000000001abedc58
0x0000000018d5c6a8:   0000000000000000 000000001abedc58
0x0000000018d5c6b8:   000000001abee1d0 0000000018d5caf0
0x0000000018d5c6c8:   00000000747f0576 0000000018d5caf0
0x0000000018d5c6d8:   000000001abee1d0 0000000017567e50
0x0000000018d5c6e8:   000000001abedc58 0000000000000001
0x0000000018d5c6f8:   00000000747f3258 0000000200000003
0x0000000018d5c708:   0000000000000010 00000000175675c8 

Instructions: (pc=0x00000000748d7dd1)
0x00000000748d7db1:   00 41 c7 80 48 05 00 00 43 02 00 00 4d 85 d2 0f
0x00000000748d7dc1:   84 c0 33 00 00 41 f7 82 7c 08 00 00 00 00 20 00
0x00000000748d7dd1:   0f 84 c9 02 00 00 49 8b 40 18 48 85 c0 0f 84 bc
0x00000000748d7de1:   02 00 00 f7 80 78 08 00 00 00 00 00 08 0f 84 ac 


Register to memory mapping:

RAX=0x0000000017568f90 is an unknown value
RBX=0x0000000000000015 is an unknown value
RCX=0x0000000017567e50 is an unknown value
RDX=0x000000001abee1d0 is an unknown value
RSP=0x0000000018d5c618 is pointing into the stack for thread: 0x0000000017512000
RBP=0x0000000000000000 is an unknown value
RSI=0x000000001abee1d0 is an unknown value
RDI=0x0000000074310000 is an unknown value
R8 =0x0000000017567e50 is an unknown value
R9 =0x00000000748e31de is an unknown value
R10=0x00000000175686f0 is an unknown value
R11=0x000000001abee1d0 is an unknown value
R12=0x0000000000000000 is an unknown value
R13=0x0000000017567300 is an unknown value
R14=0x0000000018d5caf0 is pointing into the stack for thread: 0x0000000017512000
R15=0x00000000175675b0 is an unknown value


Stack: [0x0000000018c60000,0x0000000018d60000],  sp=0x0000000018d5c618,  free space=1009k
Native frames: (J=compiled Java code, j=interpreted, Vv=VM code, C=native code)


Current CompileTask:
C2:   1206  777       4       sun.nio.cs.UTF_8$Decoder::decode (779 bytes)


---------------  P R O C E S S  ---------------

Java Threads: ( => current thread )
  0x0000000018e88800 JavaThread "Service Thread" daemon [_thread_blocked, id=5632, stack(0x0000000019260000,0x0000000019360000)]
  0x0000000017515000 JavaThread "C1 CompilerThread2" daemon [_thread_blocked, id=1732, stack(0x0000000018d60000,0x0000000018e60000)]
=>0x0000000017512000 JavaThread "C2 CompilerThread1" daemon [_thread_in_native, id=5508, stack(0x0000000018c60000,0x0000000018d60000)]
  0x000000001750f000 JavaThread "C2 CompilerThread0" daemon [_thread_in_native, id=9092, stack(0x0000000018b60000,0x0000000018c60000)]
  0x000000001750d800 JavaThread "Attach Listener" daemon [_thread_blocked, id=6212, stack(0x0000000018a60000,0x0000000018b60000)]
  0x000000001750c800 JavaThread "Signal Dispatcher" daemon [_thread_blocked, id=1480, stack(0x0000000018960000,0x0000000018a60000)]
  0x00000000174f8800 JavaThread "Finalizer" daemon [_thread_blocked, id=2964, stack(0x0000000018770000,0x0000000018870000)]
  0x0000000002a21000 JavaThread "Reference Handler" daemon [_thread_blocked, id=4520, stack(0x0000000018670000,0x0000000018770000)]
  0x0000000002abd800 JavaThread "main" [_thread_in_native, id=6984, stack(0x0000000002810000,0x0000000002910000)]

Other Threads:
  0x00000000174d7000 VMThread [stack: 0x0000000018570000,0x0000000018670000] [id=5764]
  0x0000000018ea2800 WatcherThread [stack: 0x0000000019360000,0x0000000019460000] [id=9064]

VM state:not at safepoint (normal execution)

VM Mutex/Monitor currently owned by a thread: None

Heap:
 PSYoungGen      total 37888K, used 35126K [0x00000000d6600000, 0x00000000d9000000, 0x0000000100000000)
  eden space 32768K, 91% used [0x00000000d6600000,0x00000000d8364348,0x00000000d8600000)
  from space 5120K, 98% used [0x00000000d8600000,0x00000000d8ae9768,0x00000000d8b00000)
  to   space 5120K, 0% used [0x00000000d8b00000,0x00000000d8b00000,0x00000000d9000000)
 ParOldGen       total 86016K, used 8K [0x0000000083200000, 0x0000000088600000, 0x00000000d6600000)
  object space 86016K, 0% used [0x0000000083200000,0x0000000083202000,0x0000000088600000)
 Metaspace       used 10715K, capacity 10936K, committed 11136K, reserved 1058816K
  class space    used 1480K, capacity 1576K, committed 1664K, reserved 1048576K

Card table byte_map: [0x0000000011e80000,0x0000000012270000] byte_map_base: 0x0000000011a67000

Marking Bits: (ParMarkBitMap*) 0x0000000074b2a6c0
 Begin Bits: [0x0000000012910000, 0x0000000014848000)
 End Bits:   [0x0000000014848000, 0x0000000016780000)

Polling page: 0x0000000001210000

CodeCache: size=245760Kb used=3162Kb max_used=3162Kb free=242597Kb
 bounds [0x0000000002ac0000, 0x0000000002de0000, 0x0000000011ac0000]
 total_blobs=1116 nmethods=786 adapters=244
 compilation: enabled

Compilation events (10 events):
Event: 1.172 Thread 0x0000000017515000 nmethod 769 0x0000000002dcc790 code [0x0000000002dcc900, 0x0000000002dcca88]
Event: 1.172 Thread 0x0000000017515000  772       3       java.lang.Class::getName (21 bytes)
Event: 1.172 Thread 0x0000000017515000 nmethod 772 0x0000000002dcb110 code [0x0000000002dcb280, 0x0000000002dcb468]
Event: 1.173 Thread 0x0000000017512000  773       4       java.lang.AbstractStringBuilder::ensureCapacityInternal (27 bytes)
Event: 1.173 Thread 0x0000000017515000  774       1       java.lang.reflect.Method::getDeclaringClass (5 bytes)
Event: 1.173 Thread 0x0000000017515000 nmethod 774 0x0000000002dcc410 code [0x0000000002dcc560, 0x0000000002dcc670]
Event: 1.173 Thread 0x0000000017515000  775       3       sun.misc.ProxyGenerator$ConstantPool::getMethodRef (33 bytes)
Event: 1.174 Thread 0x0000000017515000 nmethod 775 0x0000000002dccd50 code [0x0000000002dccfe0, 0x0000000002dcdd88]
Event: 1.176 Thread 0x0000000017512000 nmethod 773 0x0000000002dca7d0 code [0x0000000002dca920, 0x0000000002dcabf8]
Event: 1.186 Thread 0x0000000017512000  777       4       sun.nio.cs.UTF_8$Decoder::decode (779 bytes)

GC Heap History (2 events):
Event: 0.827 GC heap before
{Heap before GC invocations=1 (full 0):
 PSYoungGen      total 37888K, used 32768K [0x00000000d6600000, 0x00000000d9000000, 0x0000000100000000)
  eden space 32768K, 100% used [0x00000000d6600000,0x00000000d8600000,0x00000000d8600000)
  from space 5120K, 0% used [0x00000000d8b00000,0x00000000d8b00000,0x00000000d9000000)
  to   space 5120K, 0% used [0x00000000d8600000,0x00000000d8600000,0x00000000d8b00000)
 ParOldGen       total 86016K, used 0K [0x0000000083200000, 0x0000000088600000, 0x00000000d6600000)
  object space 86016K, 0% used [0x0000000083200000,0x0000000083200000,0x0000000088600000)
 Metaspace       used 8467K, capacity 8608K, committed 8704K, reserved 1056768K
  class space    used 1118K, capacity 1184K, committed 1280K, reserved 1048576K
Event: 0.833 GC heap after
Heap after GC invocations=1 (full 0):
 PSYoungGen      total 37888K, used 5029K [0x00000000d6600000, 0x00000000d9000000, 0x0000000100000000)
  eden space 32768K, 0% used [0x00000000d6600000,0x00000000d6600000,0x00000000d8600000)
  from space 5120K, 98% used [0x00000000d8600000,0x00000000d8ae9768,0x00000000d8b00000)
  to   space 5120K, 0% used [0x00000000d8b00000,0x00000000d8b00000,0x00000000d9000000)
 ParOldGen       total 86016K, used 8K [0x0000000083200000, 0x0000000088600000, 0x00000000d6600000)
  object space 86016K, 0% used [0x0000000083200000,0x0000000083202000,0x0000000088600000)
 Metaspace       used 8467K, capacity 8608K, committed 8704K, reserved 1056768K
  class space    used 1118K, capacity 1184K, committed 1280K, reserved 1048576K
}

Deoptimization events (3 events):
Event: 0.533 Thread 0x0000000002abd800 Uncommon trap: reason=unstable_if action=reinterpret pc=0x0000000002ce2c3c method=java.util.HashMap.getNode(ILjava/lang/Object;)Ljava/util/HashMap$Node; @ 129
Event: 0.724 Thread 0x0000000002abd800 Uncommon trap: reason=predicate action=maybe_recompile pc=0x0000000002d209a8 method=sun.net.www.ParseUtil.encodePath(Ljava/lang/String;Z)Ljava/lang/String; @ 36
Event: 0.878 Thread 0x0000000002abd800 Uncommon trap: reason=bimorphic action=maybe_recompile pc=0x0000000002d380d0 method=java.util.HashMap.putVal(ILjava/lang/Object;Ljava/lang/Object;ZZ)Ljava/lang/Object; @ 91

Internal exceptions (10 events):
Event: 1.084 Thread 0x0000000002abd800 Exception <a 'java/lang/ArrayIndexOutOfBoundsException'> (0x00000000d78603a0) thrown at [C:\re\workspace\8-2-build-windows-amd64-cygwin\jdk8u102\7268\hotspot\src\share\vm\runtime\sharedRuntime.cpp, line 605]
Event: 1.098 Thread 0x0000000002abd800 Exception <a 'java/lang/ArrayIndexOutOfBoundsException'> (0x00000000d792e248) thrown at [C:\re\workspace\8-2-build-windows-amd64-cygwin\jdk8u102\7268\hotspot\src\share\vm\runtime\sharedRuntime.cpp, line 605]
Event: 1.099 Thread 0x0000000002abd800 Exception <a 'java/lang/ArrayIndexOutOfBoundsException'> (0x00000000d7949ab8) thrown at [C:\re\workspace\8-2-build-windows-amd64-cygwin\jdk8u102\7268\hotspot\src\share\vm\runtime\sharedRuntime.cpp, line 605]
Event: 1.100 Thread 0x0000000002abd800 Exception <a 'java/lang/ArrayIndexOutOfBoundsException'> (0x00000000d794b940) thrown at [C:\re\workspace\8-2-build-windows-amd64-cygwin\jdk8u102\7268\hotspot\src\share\vm\runtime\sharedRuntime.cpp, line 605]
Event: 1.115 Thread 0x0000000002abd800 Exception <a 'java/lang/ArrayIndexOutOfBoundsException'> (0x00000000d7b175f0) thrown at [C:\re\workspace\8-2-build-windows-amd64-cygwin\jdk8u102\7268\hotspot\src\share\vm\runtime\sharedRuntime.cpp, line 605]
Event: 1.116 Thread 0x0000000002abd800 Exception <a 'java/lang/ArrayIndexOutOfBoundsException'> (0x00000000d7b2cdf8) thrown at [C:\re\workspace\8-2-build-windows-amd64-cygwin\jdk8u102\7268\hotspot\src\share\vm\runtime\sharedRuntime.cpp, line 605]
Event: 1.116 Thread 0x0000000002abd800 Exception <a 'java/lang/ArrayIndexOutOfBoundsException'> (0x00000000d7b2fd40) thrown at [C:\re\workspace\8-2-build-windows-amd64-cygwin\jdk8u102\7268\hotspot\src\share\vm\runtime\sharedRuntime.cpp, line 605]
Event: 1.131 Thread 0x0000000002abd800 Exception <a 'java/lang/ArrayIndexOutOfBoundsException'> (0x00000000d7da57c8) thrown at [C:\re\workspace\8-2-build-windows-amd64-cygwin\jdk8u102\7268\hotspot\src\share\vm\runtime\sharedRuntime.cpp, line 605]
Event: 1.140 Thread 0x0000000002abd800 Exception <a 'java/lang/ArrayIndexOutOfBoundsException'> (0x00000000d7f56580) thrown at [C:\re\workspace\8-2-build-windows-amd64-cygwin\jdk8u102\7268\hotspot\src\share\vm\runtime\sharedRuntime.cpp, line 605]
Event: 1.143 Thread 0x0000000002abd800 Exception <a 'java/lang/NoClassDefFoundError': org/slf4j/impl/StaticMarkerBinder> (0x00000000d7f87c00) thrown at [C:\re\workspace\8-2-build-windows-amd64-cygwin\jdk8u102\7268\hotspot\src\share\vm\classfile\systemDictionary.cpp, line 199]

Events (10 events):
Event: 1.185 loading class org/gradle/api/plugins/PluginManager
Event: 1.185 loading class org/gradle/api/plugins/PluginManager done
Event: 1.185 loading class org/gradle/listener/ActionBroadcast
Event: 1.185 loading class org/gradle/listener/ActionBroadcast done
Event: 1.186 loading class groovy/lang/Closure
Event: 1.186 loading class groovy/lang/Closure done
Event: 1.187 loading class groovy/lang/GroovyCallable
Event: 1.187 loading class groovy/lang/GroovyCallable done
Event: 1.188 loading class groovy/lang/GroovyObjectSupport
Event: 1.188 loading class groovy/lang/GroovyObjectSupport done


Dynamic libraries:
0x00007ff638e70000 - 0x00007ff638ea7000 	C:\Program Files\Java\jdk1.8.0_102\bin\java.exe
0x00007ff9072d0000 - 0x00007ff9074a1000 	C:\WINDOWS\SYSTEM32\ntdll.dll
0x00007ff906bf0000 - 0x00007ff906c9b000 	C:\WINDOWS\System32\KERNEL32.DLL
0x00007ff9045e0000 - 0x00007ff9047fd000 	C:\WINDOWS\System32\KERNELBASE.dll
0x00007ff9066e0000 - 0x00007ff906782000 	C:\WINDOWS\System32\ADVAPI32.dll
0x00007ff904bd0000 - 0x00007ff904c6e000 	C:\WINDOWS\System32\msvcrt.dll
0x00007ff9067a0000 - 0x00007ff9067f9000 	C:\WINDOWS\System32\sechost.dll
0x00007ff9048d0000 - 0x00007ff9049f1000 	C:\WINDOWS\System32\RPCRT4.dll
0x00007ff904a00000 - 0x00007ff904b65000 	C:\WINDOWS\System32\USER32.dll
0x00007ff9040c0000 - 0x00007ff9040de000 	C:\WINDOWS\System32\win32u.dll
0x00007ff906bb0000 - 0x00007ff906be4000 	C:\WINDOWS\System32\GDI32.dll
0x00007ff9041e0000 - 0x00007ff904362000 	C:\WINDOWS\System32\gdi32full.dll
0x00007ff8f2630000 - 0x00007ff8f28a9000 	C:\WINDOWS\WinSxS\amd64_microsoft.windows.common-controls_6595b64144ccf1df_6.0.14393.447_none_42191651c6827bb3\COMCTL32.dll
0x00007ff906e00000 - 0x00007ff9070c7000 	C:\WINDOWS\System32\combase.dll
0x00007ff9040e0000 - 0x00007ff9041d5000 	C:\WINDOWS\System32\ucrtbase.dll
0x00007ff904410000 - 0x00007ff90447a000 	C:\WINDOWS\System32\bcryptPrimitives.dll
0x00007ff906900000 - 0x00007ff90692e000 	C:\WINDOWS\System32\IMM32.DLL
0x0000000074bb0000 - 0x0000000074c81000 	C:\Program Files\Java\jdk1.8.0_102\jre\bin\msvcr100.dll
0x0000000074310000 - 0x0000000074baa000 	C:\Program Files\Java\jdk1.8.0_102\jre\bin\server\jvm.dll
0x00007ff906790000 - 0x00007ff906798000 	C:\WINDOWS\System32\PSAPI.DLL
0x00007ff901eb0000 - 0x00007ff901eba000 	C:\WINDOWS\SYSTEM32\VERSION.dll
0x00007ff901380000 - 0x00007ff9013a3000 	C:\WINDOWS\SYSTEM32\WINMM.dll
0x00007ff8fcd50000 - 0x00007ff8fcd59000 	C:\WINDOWS\SYSTEM32\WSOCK32.dll
0x00007ff905160000 - 0x00007ff9051ca000 	C:\WINDOWS\System32\WS2_32.dll
0x00000000027e0000 - 0x000000000280b000 	C:\WINDOWS\SYSTEM32\WINMMBASE.dll
0x00007ff903990000 - 0x00007ff9039d2000 	C:\WINDOWS\System32\cfgmgr32.dll
0x0000000074300000 - 0x000000007430f000 	C:\Program Files\Java\jdk1.8.0_102\jre\bin\verify.dll
0x00000000742d0000 - 0x00000000742f9000 	C:\Program Files\Java\jdk1.8.0_102\jre\bin\java.dll
0x00000000742b0000 - 0x00000000742c6000 	C:\Program Files\Java\jdk1.8.0_102\jre\bin\zip.dll
0x00007ff9051d0000 - 0x00007ff9066d9000 	C:\WINDOWS\System32\SHELL32.dll
0x00007ff9039e0000 - 0x00007ff9040ba000 	C:\WINDOWS\System32\windows.storage.dll
0x00007ff903770000 - 0x00007ff9037bc000 	C:\WINDOWS\System32\powrprof.dll
0x00007ff907270000 - 0x00007ff9072c2000 	C:\WINDOWS\System32\shlwapi.dll
0x00007ff903730000 - 0x00007ff90373f000 	C:\WINDOWS\System32\kernel.appcore.dll
0x00007ff904480000 - 0x00007ff904529000 	C:\WINDOWS\System32\shcore.dll
0x00007ff903750000 - 0x00007ff903764000 	C:\WINDOWS\System32\profapi.dll
0x0000000074290000 - 0x00000000742aa000 	C:\Program Files\Java\jdk1.8.0_102\jre\bin\net.dll
0x00007ff902c30000 - 0x00007ff902c8c000 	C:\WINDOWS\system32\mswsock.dll
0x0000000074270000 - 0x0000000074281000 	C:\Program Files\Java\jdk1.8.0_102\jre\bin\nio.dll
0x00007ff8edcd0000 - 0x00007ff8edce2000 	C:\Users\TechFlitter\.gradle\native\19\windows-amd64\native-platform.dll
0x0000000180000000 - 0x0000000180037000 	C:\Users\TechFlitter\.gradle\native\jna\win32-amd64\jnidispatch.dll
0x00007ff9032e0000 - 0x00007ff9032f7000 	C:\WINDOWS\SYSTEM32\CRYPTSP.dll
0x00007ff902db0000 - 0x00007ff902de3000 	C:\WINDOWS\system32\rsaenh.dll
0x00007ff903670000 - 0x00007ff90369b000 	C:\WINDOWS\SYSTEM32\bcrypt.dll
0x00007ff902a00000 - 0x00007ff902a1f000 	C:\WINDOWS\SYSTEM32\USERENV.dll
0x00007ff902ea0000 - 0x00007ff902eab000 	C:\WINDOWS\SYSTEM32\CRYPTBASE.dll
0x00007ff9029c0000 - 0x00007ff9029f8000 	C:\WINDOWS\SYSTEM32\IPHLPAPI.DLL
0x00007ff906930000 - 0x00007ff906938000 	C:\WINDOWS\System32\NSI.dll
0x00007ff8fe6c0000 - 0x00007ff8fe6d6000 	C:\WINDOWS\SYSTEM32\dhcpcsvc6.DLL
0x00007ff8fe6a0000 - 0x00007ff8fe6ba000 	C:\WINDOWS\SYSTEM32\dhcpcsvc.DLL
0x0000000074260000 - 0x000000007426d000 	C:\Program Files\Java\jdk1.8.0_102\jre\bin\management.dll
0x00007ff903300000 - 0x00007ff903492000 	C:\WINDOWS\SYSTEM32\dbghelp.dll

VM Arguments:
jvm_args: -Dorg.gradle.appname=gradlew 
java_command: org.gradle.wrapper.GradleWrapperMain installDebug
java_class_path (initial): C:\React-NewsFeed\ReactNative-NewsFeed\SampleApplication\android\\gradle\wrapper\gradle-wrapper.jar
Launcher Type: SUN_STANDARD

Environment Variables:
JAVA_HOME=C:\Program Files\Java\jdk1.8.0_102
CLASSPATH=C:\React-NewsFeed\ReactNative-NewsFeed\SampleApplication\android\\gradle\wrapper\gradle-wrapper.jar
PATH=C:\Program Files\Docker\Docker\Resources\bin;C:\Python27\;C:\Python27\Scripts;C:\ProgramData\Oracle\Java\javapath;C:\WINDOWS\system32;C:\WINDOWS;C:\WINDOWS\System32\Wbem;C:\WINDOWS\System32\WindowsPowerShell\v1.0\;C:\ProgramData\chocolatey\bin;C:\Program Files\nodejs\;C:\Program Files\Git\bin;C:\Program Files (x86)\Skype\Phone\;E:\AndroidStudio\sdk\platform-tools;C:\Users\TechFlitter\AppData\Roaming\npm;C:\Users\TechFlitter\AppData\Local\Microsoft\WindowsApps;C:\Program Files (x86)\Microsoft VS Code\bin;C:\Program Files\Heroku\bin;E:\AndroidStudio\sdk\platform-tools
USERNAME=TechFlitter
OS=Windows_NT
PROCESSOR_IDENTIFIER=Intel64 Family 6 Model 37 Stepping 5, GenuineIntel



---------------  S Y S T E M  ---------------

OS: Windows 10.0 , 64 bit Build 14393 (10.0.14393.0)

CPU:total 4 (2 cores per cpu, 2 threads per core) family 6 model 37 stepping 5, cmov, cx8, fxsr, mmx, sse, sse2, sse3, ssse3, sse4.1, sse4.2, popcnt, ht, tsc, tscinvbit

Memory: 4k page, physical 8183252k(4363408k free), swap 13688276k(8263412k free)

vm_info: Java HotSpot(TM) 64-Bit Server VM (25.102-b14) for windows-amd64 JRE (1.8.0_102-b14), built on Jun 22 2016 13:15:21 by "java_re" with MS VC++ 10.0 (VS2010)

time: Wed Jun 28 20:27:28 2017
elapsed time: 1 seconds (0d 0h 0m 1s)

