#
# A fatal error has been detected by the Java Runtime Environment:
#
#  EXCEPTION_ILLEGAL_INSTRUCTION (0xc000001d) at pc=0x00000000748d7dd1, pid=9416, tid=0x00000000000027f0
#
# JRE version: Java(TM) SE Runtime Environment (8.0_102-b14) (build 1.8.0_102-b14)
# Java VM: Java HotSpot(TM) 64-Bit Server VM (25.102-b14 mixed mode windows-amd64 compressed oops)
# Problematic frame:
# V  [jvm.dll+0x5c7dd1]
#
# Failed to write core dump. Minidumps are not enabled by default on client versions of Windows
#
# If you would like to submit a bug report, please visit:
#   http://bugreport.java.com/bugreport/crash.jsp
#

---------------  T H R E A D  ---------------

Current thread (0x0000000017ccc000):  JavaThread "C2 CompilerThread0" daemon [_thread_in_native, id=10224, stack(0x0000000019300000,0x0000000019400000)]

siginfo: ExceptionCode=0xc000001d

Registers:
RAX=0x000000001db4f9f0, RBX=0x0000000000000015, RCX=0x000000001db4e8b0, RDX=0x000000001fc2f9e0
RSP=0x00000000193fc048, RBP=0x0000000000000000, RSI=0x000000001fc2f9e0, RDI=0x0000000074310000
R8 =0x000000001db4e8b0, R9 =0x00000000748e31de, R10=0x000000001db4f150, R11=0x000000001fc2f9e0
R12=0x0000000000000000, R13=0x0000000017d182a0, R14=0x00000000193fc620, R15=0x0000000017d184b0
RIP=0x00000000748d7dd1, EFLAGS=0x0000000000010206

Top of Stack: (sp=0x00000000193fc048)
0x00000000193fc048:   00000000748e31e6 000000001dc88568
0x00000000193fc058:   0000000000000000 000000001fc2fd78
0x00000000193fc068:   000000001fc2f8e0 000000001fc2fd78
0x00000000193fc078:   00000000747f0606 00000000193fc620
0x00000000193fc088:   000000001fc2f8e0 000000001db4f9f0
0x00000000193fc098:   000000001fc2fd78 0000000000000001
0x00000000193fc0a8:   0000000000000000 0000000400000004
0x00000000193fc0b8:   0000000000000020 000000001db4e8d0
0x00000000193fc0c8:   00000000747f01f9 000000001fc2fd78
0x00000000193fc0d8:   0000000000000000 000000001fc2fd78
0x00000000193fc0e8:   000000001fc2f9e0 00000000193fc620
0x00000000193fc0f8:   00000000747f0576 00000000193fc620
0x00000000193fc108:   000000001fc2f9e0 000000001db4e8b0
0x00000000193fc118:   000000001fc2fd78 0000000000000001
0x00000000193fc128:   0000000000000008 0000000200000003
0x00000000193fc138:   0000000000000010 0000000017d19ea8 

Instructions: (pc=0x00000000748d7dd1)
0x00000000748d7db1:   00 41 c7 80 48 05 00 00 43 02 00 00 4d 85 d2 0f
0x00000000748d7dc1:   84 c0 33 00 00 41 f7 82 7c 08 00 00 00 00 20 00
0x00000000748d7dd1:   0f 84 c9 02 00 00 49 8b 40 18 48 85 c0 0f 84 bc
0x00000000748d7de1:   02 00 00 f7 80 78 08 00 00 00 00 00 08 0f 84 ac 


Register to memory mapping:

RAX=0x000000001db4f9f0 is an unknown value
RBX=0x0000000000000015 is an unknown value
RCX=0x000000001db4e8b0 is an unknown value
RDX=0x000000001fc2f9e0 is an unknown value
RSP=0x00000000193fc048 is pointing into the stack for thread: 0x0000000017ccc000
RBP=0x0000000000000000 is an unknown value
RSI=0x000000001fc2f9e0 is an unknown value
RDI=0x0000000074310000 is an unknown value
R8 =0x000000001db4e8b0 is an unknown value
R9 =0x00000000748e31de is an unknown value
R10=0x000000001db4f150 is an unknown value
R11=0x000000001fc2f9e0 is an unknown value
R12=0x0000000000000000 is an unknown value
R13=0x0000000017d182a0 is an unknown value
R14=0x00000000193fc620 is pointing into the stack for thread: 0x0000000017ccc000
R15=0x0000000017d184b0 is an unknown value


Stack: [0x0000000019300000,0x0000000019400000],  sp=0x00000000193fc048,  free space=1008k
Native frames: (J=compiled Java code, j=interpreted, Vv=VM code, C=native code)


Current CompileTask:
C2:   9728 4661       4       com.sun.xml.internal.bind.v2.runtime.unmarshaller.SAXConnector::characters (48 bytes)


---------------  P R O C E S S  ---------------

Java Threads: ( => current thread )
  0x000000001c2c7000 JavaThread "File lock request listener" [_thread_in_native, id=8592, stack(0x000000001a550000,0x000000001a650000)]
  0x000000001c50e800 JavaThread "pool-1-thread-1" [_thread_blocked, id=4836, stack(0x000000001a400000,0x000000001a500000)]
  0x0000000019628800 JavaThread "Service Thread" daemon [_thread_blocked, id=4496, stack(0x0000000019a00000,0x0000000019b00000)]
  0x0000000017cc1800 JavaThread "C1 CompilerThread2" daemon [_thread_blocked, id=7984, stack(0x0000000019500000,0x0000000019600000)]
  0x0000000017cbb000 JavaThread "C2 CompilerThread1" daemon [_thread_in_native, id=2008, stack(0x0000000019400000,0x0000000019500000)]
=>0x0000000017ccc000 JavaThread "C2 CompilerThread0" daemon [_thread_in_native, id=10224, stack(0x0000000019300000,0x0000000019400000)]
  0x0000000017ccb000 JavaThread "Attach Listener" daemon [_thread_blocked, id=160, stack(0x0000000019200000,0x0000000019300000)]
  0x0000000017cc9800 JavaThread "Signal Dispatcher" daemon [_thread_blocked, id=1464, stack(0x0000000019100000,0x0000000019200000)]
  0x0000000017caa800 JavaThread "Finalizer" daemon [_thread_blocked, id=6808, stack(0x0000000018f10000,0x0000000019010000)]
  0x0000000003261000 JavaThread "Reference Handler" daemon [_thread_blocked, id=6508, stack(0x0000000018e10000,0x0000000018f10000)]
  0x000000000303d800 JavaThread "main" [_thread_in_vm, id=8052, stack(0x0000000003070000,0x0000000003170000)]

Other Threads:
  0x0000000017c87000 VMThread [stack: 0x0000000018d10000,0x0000000018e10000] [id=9496]
  0x0000000019629000 WatcherThread [stack: 0x0000000019b00000,0x0000000019c00000] [id=7456]

VM state:not at safepoint (normal execution)

VM Mutex/Monitor currently owned by a thread: None

Heap:
 PSYoungGen      total 185344K, used 25787K [0x00000000d6600000, 0x00000000e5680000, 0x0000000100000000)
  eden space 171520K, 9% used [0x00000000d6600000,0x00000000d769b470,0x00000000e0d80000)
  from space 13824K, 63% used [0x00000000e0d80000,0x00000000e1613ac0,0x00000000e1b00000)
  to   space 13312K, 0% used [0x00000000e4980000,0x00000000e4980000,0x00000000e5680000)
 ParOldGen       total 88064K, used 19973K [0x0000000083200000, 0x0000000088800000, 0x00000000d6600000)
  object space 88064K, 22% used [0x0000000083200000,0x0000000084581668,0x0000000088800000)
 Metaspace       used 41007K, capacity 41760K, committed 42240K, reserved 1085440K
  class space    used 5543K, capacity 5767K, committed 5888K, reserved 1048576K

Card table byte_map: [0x0000000012630000,0x0000000012a20000] byte_map_base: 0x0000000012217000

Marking Bits: (ParMarkBitMap*) 0x0000000074b2a6c0
 Begin Bits: [0x00000000130c0000, 0x0000000014ff8000)
 End Bits:   [0x0000000014ff8000, 0x0000000016f30000)

Polling page: 0x0000000001370000

CodeCache: size=245760Kb used=15477Kb max_used=15483Kb free=230282Kb
 bounds [0x0000000003270000, 0x00000000041a0000, 0x0000000012270000]
 total_blobs=5149 nmethods=4458 adapters=603
 compilation: enabled

Compilation events (10 events):
Event: 9.702 Thread 0x0000000017ccc000 nmethod 4656 0x0000000004194190 code [0x0000000004194340, 0x0000000004194f48]
Event: 9.702 Thread 0x0000000017ccc000 4660       4       org.xml.sax.helpers.XMLFilterImpl::characters (20 bytes)
Event: 9.705 Thread 0x0000000017cc1800 4673   !   3       java.io.OutputStreamWriter::<init> (32 bytes)
Event: 9.706 Thread 0x0000000017cc1800 nmethod 4673 0x0000000004193950 code [0x0000000004193b00, 0x0000000004193f68]
Event: 9.706 Thread 0x0000000017cc1800 4674   !   3       sun.nio.cs.StreamEncoder::forOutputStreamWriter (48 bytes)
Event: 9.707 Thread 0x0000000017cc1800 nmethod 4674 0x0000000004192450 code [0x0000000004192680, 0x0000000004193228]
Event: 9.707 Thread 0x0000000017cc1800 4675       3       java.util.Vector::clear (5 bytes)
Event: 9.707 Thread 0x0000000017cc1800 nmethod 4675 0x0000000004192050 code [0x00000000041921c0, 0x00000000041923c8]
Event: 9.709 Thread 0x0000000017ccc000 nmethod 4660 0x0000000004197490 code [0x0000000004197600, 0x0000000004197b18]
Event: 9.709 Thread 0x0000000017ccc000 4661       4       com.sun.xml.internal.bind.v2.runtime.unmarshaller.SAXConnector::characters (48 bytes)

GC Heap History (10 events):
Event: 4.121 GC heap before
{Heap before GC invocations=7 (full 1):
 PSYoungGen      total 70656K, used 65536K [0x00000000d6600000, 0x00000000dfb00000, 0x0000000100000000)
  eden space 65536K, 100% used [0x00000000d6600000,0x00000000da600000,0x00000000da600000)
  from space 5120K, 0% used [0x00000000da600000,0x00000000da600000,0x00000000dab00000)
  to   space 10752K, 0% used [0x00000000df080000,0x00000000df080000,0x00000000dfb00000)
 ParOldGen       total 58880K, used 10126K [0x0000000083200000, 0x0000000086b80000, 0x00000000d6600000)
  object space 58880K, 17% used [0x0000000083200000,0x0000000083be3830,0x0000000086b80000)
 Metaspace       used 26611K, capacity 27052K, committed 27520K, reserved 1073152K
  class space    used 3712K, capacity 3852K, committed 3968K, reserved 1048576K
Event: 4.137 GC heap after
Heap after GC invocations=7 (full 1):
 PSYoungGen      total 114688K, used 6448K [0x00000000d6600000, 0x00000000df700000, 0x0000000100000000)
  eden space 108032K, 0% used [0x00000000d6600000,0x00000000d6600000,0x00000000dcf80000)
  from space 6656K, 96% used [0x00000000df080000,0x00000000df6cc1b8,0x00000000df700000)
  to   space 10240K, 0% used [0x00000000de300000,0x00000000de300000,0x00000000ded00000)
 ParOldGen       total 58880K, used 10134K [0x0000000083200000, 0x0000000086b80000, 0x00000000d6600000)
  object space 58880K, 17% used [0x0000000083200000,0x0000000083be5830,0x0000000086b80000)
 Metaspace       used 26611K, capacity 27052K, committed 27520K, reserved 1073152K
  class space    used 3712K, capacity 3852K, committed 3968K, reserved 1048576K
}
Event: 6.561 GC heap before
{Heap before GC invocations=8 (full 1):
 PSYoungGen      total 114688K, used 114480K [0x00000000d6600000, 0x00000000df700000, 0x0000000100000000)
  eden space 108032K, 100% used [0x00000000d6600000,0x00000000dcf80000,0x00000000dcf80000)
  from space 6656K, 96% used [0x00000000df080000,0x00000000df6cc1b8,0x00000000df700000)
  to   space 10240K, 0% used [0x00000000de300000,0x00000000de300000,0x00000000ded00000)
 ParOldGen       total 58880K, used 10134K [0x0000000083200000, 0x0000000086b80000, 0x00000000d6600000)
  object space 58880K, 17% used [0x0000000083200000,0x0000000083be5830,0x0000000086b80000)
 Metaspace       used 32893K, capacity 33404K, committed 33920K, reserved 1079296K
  class space    used 4493K, capacity 4641K, committed 4736K, reserved 1048576K
Event: 6.591 GC heap after
Heap after GC invocations=8 (full 1):
 PSYoungGen      total 138240K, used 10237K [0x00000000d6600000, 0x00000000e2680000, 0x0000000100000000)
  eden space 128000K, 0% used [0x00000000d6600000,0x00000000d6600000,0x00000000de300000)
  from space 10240K, 99% used [0x00000000de300000,0x00000000decff528,0x00000000ded00000)
  to   space 11776K, 0% used [0x00000000e1b00000,0x00000000e1b00000,0x00000000e2680000)
 ParOldGen       total 58880K, used 11127K [0x0000000083200000, 0x0000000086b80000, 0x00000000d6600000)
  object space 58880K, 18% used [0x0000000083200000,0x0000000083cdde10,0x0000000086b80000)
 Metaspace       used 32893K, capacity 33404K, committed 33920K, reserved 1079296K
  class space    used 4493K, capacity 4641K, committed 4736K, reserved 1048576K
}
Event: 7.453 GC heap before
{Heap before GC invocations=9 (full 1):
 PSYoungGen      total 138240K, used 53804K [0x00000000d6600000, 0x00000000e2680000, 0x0000000100000000)
  eden space 128000K, 34% used [0x00000000d6600000,0x00000000d908bb88,0x00000000de300000)
  from space 10240K, 99% used [0x00000000de300000,0x00000000decff528,0x00000000ded00000)
  to   space 11776K, 0% used [0x00000000e1b00000,0x00000000e1b00000,0x00000000e2680000)
 ParOldGen       total 58880K, used 11127K [0x0000000083200000, 0x0000000086b80000, 0x00000000d6600000)
  object space 58880K, 18% used [0x0000000083200000,0x0000000083cdde10,0x0000000086b80000)
 Metaspace       used 34660K, capacity 35222K, committed 35456K, reserved 1079296K
  class space    used 4730K, capacity 4926K, committed 4992K, reserved 1048576K
Event: 7.491 GC heap after
Heap after GC invocations=9 (full 1):
 PSYoungGen      total 183296K, used 11762K [0x00000000d6600000, 0x00000000e4c00000, 0x0000000100000000)
  eden space 171520K, 0% used [0x00000000d6600000,0x00000000d6600000,0x00000000e0d80000)
  from space 11776K, 99% used [0x00000000e1b00000,0x00000000e267caa8,0x00000000e2680000)
  to   space 13824K, 0% used [0x00000000e0d80000,0x00000000e0d80000,0x00000000e1b00000)
 ParOldGen       total 58880K, used 11993K [0x0000000083200000, 0x0000000086b80000, 0x00000000d6600000)
  object space 58880K, 20% used [0x0000000083200000,0x0000000083db6500,0x0000000086b80000)
 Metaspace       used 34660K, capacity 35222K, committed 35456K, reserved 1079296K
  class space    used 4730K, capacity 4926K, committed 4992K, reserved 1048576K
}
Event: 7.491 GC heap before
{Heap before GC invocations=10 (full 2):
 PSYoungGen      total 183296K, used 11762K [0x00000000d6600000, 0x00000000e4c00000, 0x0000000100000000)
  eden space 171520K, 0% used [0x00000000d6600000,0x00000000d6600000,0x00000000e0d80000)
  from space 11776K, 99% used [0x00000000e1b00000,0x00000000e267caa8,0x00000000e2680000)
  to   space 13824K, 0% used [0x00000000e0d80000,0x00000000e0d80000,0x00000000e1b00000)
 ParOldGen       total 58880K, used 11993K [0x0000000083200000, 0x0000000086b80000, 0x00000000d6600000)
  object space 58880K, 20% used [0x0000000083200000,0x0000000083db6500,0x0000000086b80000)
 Metaspace       used 34660K, capacity 35222K, committed 35456K, reserved 1079296K
  class space    used 4730K, capacity 4926K, committed 4992K, reserved 1048576K
Event: 7.686 GC heap after
Heap after GC invocations=10 (full 2):
 PSYoungGen      total 183296K, used 0K [0x00000000d6600000, 0x00000000e4c00000, 0x0000000100000000)
  eden space 171520K, 0% used [0x00000000d6600000,0x00000000d6600000,0x00000000e0d80000)
  from space 11776K, 0% used [0x00000000e1b00000,0x00000000e1b00000,0x00000000e2680000)
  to   space 13824K, 0% used [0x00000000e0d80000,0x00000000e0d80000,0x00000000e1b00000)
 ParOldGen       total 88064K, used 19901K [0x0000000083200000, 0x0000000088800000, 0x00000000d6600000)
  object space 88064K, 22% used [0x0000000083200000,0x000000008456f658,0x0000000088800000)
 Metaspace       used 34660K, capacity 35222K, committed 35456K, reserved 1079296K
  class space    used 4730K, capacity 4926K, committed 4992K, reserved 1048576K
}
Event: 9.622 GC heap before
{Heap before GC invocations=11 (full 2):
 PSYoungGen      total 183296K, used 171520K [0x00000000d6600000, 0x00000000e4c00000, 0x0000000100000000)
  eden space 171520K, 100% used [0x00000000d6600000,0x00000000e0d80000,0x00000000e0d80000)
  from space 11776K, 0% used [0x00000000e1b00000,0x00000000e1b00000,0x00000000e2680000)
  to   space 13824K, 0% used [0x00000000e0d80000,0x00000000e0d80000,0x00000000e1b00000)
 ParOldGen       total 88064K, used 19901K [0x0000000083200000, 0x0000000088800000, 0x00000000d6600000)
  object space 88064K, 22% used [0x0000000083200000,0x000000008456f658,0x0000000088800000)
 Metaspace       used 40994K, capacity 41760K, committed 42240K, reserved 1085440K
  class space    used 5543K, capacity 5767K, committed 5888K, reserved 1048576K
Event: 9.632 GC heap after
Heap after GC invocations=11 (full 2):
 PSYoungGen      total 185344K, used 8782K [0x00000000d6600000, 0x00000000e5680000, 0x0000000100000000)
  eden space 171520K, 0% used [0x00000000d6600000,0x00000000d6600000,0x00000000e0d80000)
  from space 13824K, 63% used [0x00000000e0d80000,0x00000000e1613ac0,0x00000000e1b00000)
  to   space 13312K, 0% used [0x00000000e4980000,0x00000000e4980000,0x00000000e5680000)
 ParOldGen       total 88064K, used 19973K [0x0000000083200000, 0x0000000088800000, 0x00000000d6600000)
  object space 88064K, 22% used [0x0000000083200000,0x0000000084581668,0x0000000088800000)
 Metaspace       used 40994K, capacity 41760K, committed 42240K, reserved 1085440K
  class space    used 5543K, capacity 5767K, committed 5888K, reserved 1048576K
}

Deoptimization events (10 events):
Event: 6.549 Thread 0x000000000303d800 Uncommon trap: reason=bimorphic action=maybe_recompile pc=0x00000000039869fc method=java.util.regex.Pattern$Start.match(Ljava/util/regex/Matcher;ILjava/lang/CharSequence;)Z @ 44
Event: 6.592 Thread 0x0000000017caa800 Uncommon trap: reason=unstable_if action=reinterpret pc=0x0000000003b68380 method=java.util.WeakHashMap.eq(Ljava/lang/Object;Ljava/lang/Object;)Z @ 10
Event: 6.756 Thread 0x000000000303d800 Uncommon trap: reason=unstable_if action=reinterpret pc=0x0000000003b723fc method=java.lang.CharacterDataLatin1.isWhitespace(I)Z @ 14
Event: 6.866 Thread 0x000000000303d800 Uncommon trap: reason=unstable_if action=reinterpret pc=0x00000000039eb1bc method=java.util.LinkedHashMap.get(Ljava/lang/Object;)Ljava/lang/Object; @ 20
Event: 7.192 Thread 0x000000000303d800 Uncommon trap: reason=unstable_if action=reinterpret pc=0x0000000003b8b498 method=org.codehaus.groovy.reflection.CachedMethod.compareToMethod(Ljava/lang/reflect/Method;)I @ 111
Event: 7.285 Thread 0x000000000303d800 Uncommon trap: reason=unstable_if action=reinterpret pc=0x0000000003a2c370 method=java.util.WeakHashMap.eq(Ljava/lang/Object;Ljava/lang/Object;)Z @ 10
Event: 8.273 Thread 0x000000000303d800 Uncommon trap: reason=unstable_if action=reinterpret pc=0x0000000003851148 method=sun.misc.MetaIndex.mayContain(Ljava/lang/String;)Z @ 38
Event: 8.515 Thread 0x000000000303d800 Uncommon trap: reason=unstable_if action=reinterpret pc=0x0000000003e02968 method=java.util.regex.Pattern$BmpCharProperty.match(Ljava/util/regex/Matcher;ILjava/lang/CharSequence;)Z @ 34
Event: 8.553 Thread 0x000000000303d800 Uncommon trap: reason=unstable_if action=reinterpret pc=0x0000000003e94604 method=java.lang.Integer.parseInt(Ljava/lang/String;I)I @ 197
Event: 8.764 Thread 0x000000000303d800 Uncommon trap: reason=unstable_if action=reinterpret pc=0x0000000003f27178 method=java.util.regex.Pattern$BitClass.isSatisfiedBy(I)Z @ 4

Internal exceptions (10 events):
Event: 9.339 Thread 0x000000000303d800 Exception <a 'sun/nio/fs/WindowsException'> (0x00000000ddb53a70) thrown at [C:\re\workspace\8-2-build-windows-amd64-cygwin\jdk8u102\7268\hotspot\src\share\vm\prims\jni.cpp, line 709]
Event: 9.339 Thread 0x000000000303d800 Exception <a 'sun/nio/fs/WindowsException'> (0x00000000ddb54430) thrown at [C:\re\workspace\8-2-build-windows-amd64-cygwin\jdk8u102\7268\hotspot\src\share\vm\prims\jni.cpp, line 709]
Event: 9.340 Thread 0x000000000303d800 Exception <a 'sun/nio/fs/WindowsException'> (0x00000000ddb57148) thrown at [C:\re\workspace\8-2-build-windows-amd64-cygwin\jdk8u102\7268\hotspot\src\share\vm\prims\jni.cpp, line 709]
Event: 9.340 Thread 0x000000000303d800 Exception <a 'sun/nio/fs/WindowsException'> (0x00000000ddb57af0) thrown at [C:\re\workspace\8-2-build-windows-amd64-cygwin\jdk8u102\7268\hotspot\src\share\vm\prims\jni.cpp, line 709]
Event: 9.340 Thread 0x000000000303d800 Exception <a 'sun/nio/fs/WindowsException'> (0x00000000ddb59100) thrown at [C:\re\workspace\8-2-build-windows-amd64-cygwin\jdk8u102\7268\hotspot\src\share\vm\prims\jni.cpp, line 709]
Event: 9.340 Thread 0x000000000303d800 Exception <a 'sun/nio/fs/WindowsException'> (0x00000000ddb59ae8) thrown at [C:\re\workspace\8-2-build-windows-amd64-cygwin\jdk8u102\7268\hotspot\src\share\vm\prims\jni.cpp, line 709]
Event: 9.340 Thread 0x000000000303d800 Exception <a 'sun/nio/fs/WindowsException'> (0x00000000ddb5d288) thrown at [C:\re\workspace\8-2-build-windows-amd64-cygwin\jdk8u102\7268\hotspot\src\share\vm\prims\jni.cpp, line 709]
Event: 9.340 Thread 0x000000000303d800 Exception <a 'sun/nio/fs/WindowsException'> (0x00000000ddb5daf0) thrown at [C:\re\workspace\8-2-build-windows-amd64-cygwin\jdk8u102\7268\hotspot\src\share\vm\prims\jni.cpp, line 709]
Event: 9.340 Thread 0x000000000303d800 Exception <a 'sun/nio/fs/WindowsException'> (0x00000000ddb5efc0) thrown at [C:\re\workspace\8-2-build-windows-amd64-cygwin\jdk8u102\7268\hotspot\src\share\vm\prims\jni.cpp, line 709]
Event: 9.340 Thread 0x000000000303d800 Exception <a 'sun/nio/fs/WindowsException'> (0x00000000ddb5f868) thrown at [C:\re\workspace\8-2-build-windows-amd64-cygwin\jdk8u102\7268\hotspot\src\share\vm\prims\jni.cpp, line 709]

Events (10 events):
Event: 9.418 Thread 0x000000000303d800 DEOPT PACKING pc=0x000000000394bb4e sp=0x000000000316b320
Event: 9.418 Thread 0x000000000303d800 DEOPT UNPACKING pc=0x00000000032b747f sp=0x000000000316b038 mode 0
Event: 9.513 Thread 0x000000000303d800 DEOPT PACKING pc=0x0000000003e13864 sp=0x000000000316be40
Event: 9.513 Thread 0x000000000303d800 DEOPT UNPACKING pc=0x00000000032b747f sp=0x000000000316bcf8 mode 0
Event: 9.622 Executing VM operation: ParallelGCFailedAllocation
Event: 9.632 Executing VM operation: ParallelGCFailedAllocation done
Event: 9.632 Executing VM operation: RevokeBias
Event: 9.632 Executing VM operation: RevokeBias done
Event: 9.632 Executing VM operation: RevokeBias
Event: 9.632 Executing VM operation: RevokeBias done


Dynamic libraries:
0x00007ff638e70000 - 0x00007ff638ea7000 	C:\Program Files\Java\jdk1.8.0_102\bin\java.exe
0x00007ff9072d0000 - 0x00007ff9074a1000 	C:\WINDOWS\SYSTEM32\ntdll.dll
0x00007ff906bf0000 - 0x00007ff906c9b000 	C:\WINDOWS\System32\KERNEL32.DLL
0x00007ff9045e0000 - 0x00007ff9047fd000 	C:\WINDOWS\System32\KERNELBASE.dll
0x00007ff9066e0000 - 0x00007ff906782000 	C:\WINDOWS\System32\ADVAPI32.dll
0x00007ff904bd0000 - 0x00007ff904c6e000 	C:\WINDOWS\System32\msvcrt.dll
0x00007ff9067a0000 - 0x00007ff9067f9000 	C:\WINDOWS\System32\sechost.dll
0x00007ff9048d0000 - 0x00007ff9049f1000 	C:\WINDOWS\System32\RPCRT4.dll
0x00007ff904a00000 - 0x00007ff904b65000 	C:\WINDOWS\System32\USER32.dll
0x00007ff9040c0000 - 0x00007ff9040de000 	C:\WINDOWS\System32\win32u.dll
0x00007ff906bb0000 - 0x00007ff906be4000 	C:\WINDOWS\System32\GDI32.dll
0x00007ff9041e0000 - 0x00007ff904362000 	C:\WINDOWS\System32\gdi32full.dll
0x00007ff8f2630000 - 0x00007ff8f28a9000 	C:\WINDOWS\WinSxS\amd64_microsoft.windows.common-controls_6595b64144ccf1df_6.0.14393.447_none_42191651c6827bb3\COMCTL32.dll
0x00007ff906e00000 - 0x00007ff9070c7000 	C:\WINDOWS\System32\combase.dll
0x00007ff9040e0000 - 0x00007ff9041d5000 	C:\WINDOWS\System32\ucrtbase.dll
0x00007ff904410000 - 0x00007ff90447a000 	C:\WINDOWS\System32\bcryptPrimitives.dll
0x00007ff906900000 - 0x00007ff90692e000 	C:\WINDOWS\System32\IMM32.DLL
0x0000000074bb0000 - 0x0000000074c81000 	C:\Program Files\Java\jdk1.8.0_102\jre\bin\msvcr100.dll
0x0000000074310000 - 0x0000000074baa000 	C:\Program Files\Java\jdk1.8.0_102\jre\bin\server\jvm.dll
0x00007ff906790000 - 0x00007ff906798000 	C:\WINDOWS\System32\PSAPI.DLL
0x00007ff8fcd50000 - 0x00007ff8fcd59000 	C:\WINDOWS\SYSTEM32\WSOCK32.dll
0x00007ff901380000 - 0x00007ff9013a3000 	C:\WINDOWS\SYSTEM32\WINMM.dll
0x00007ff901eb0000 - 0x00007ff901eba000 	C:\WINDOWS\SYSTEM32\VERSION.dll
0x00007ff905160000 - 0x00007ff9051ca000 	C:\WINDOWS\System32\WS2_32.dll
0x0000000002fa0000 - 0x0000000002fcb000 	C:\WINDOWS\SYSTEM32\WINMMBASE.dll
0x00007ff903990000 - 0x00007ff9039d2000 	C:\WINDOWS\System32\cfgmgr32.dll
0x0000000074300000 - 0x000000007430f000 	C:\Program Files\Java\jdk1.8.0_102\jre\bin\verify.dll
0x00000000742d0000 - 0x00000000742f9000 	C:\Program Files\Java\jdk1.8.0_102\jre\bin\java.dll
0x00000000742b0000 - 0x00000000742c6000 	C:\Program Files\Java\jdk1.8.0_102\jre\bin\zip.dll
0x00007ff9051d0000 - 0x00007ff9066d9000 	C:\WINDOWS\System32\SHELL32.dll
0x00007ff9039e0000 - 0x00007ff9040ba000 	C:\WINDOWS\System32\windows.storage.dll
0x00007ff903770000 - 0x00007ff9037bc000 	C:\WINDOWS\System32\powrprof.dll
0x00007ff907270000 - 0x00007ff9072c2000 	C:\WINDOWS\System32\shlwapi.dll
0x00007ff903730000 - 0x00007ff90373f000 	C:\WINDOWS\System32\kernel.appcore.dll
0x00007ff904480000 - 0x00007ff904529000 	C:\WINDOWS\System32\shcore.dll
0x00007ff903750000 - 0x00007ff903764000 	C:\WINDOWS\System32\profapi.dll
0x0000000074290000 - 0x00000000742aa000 	C:\Program Files\Java\jdk1.8.0_102\jre\bin\net.dll
0x00007ff902c30000 - 0x00007ff902c8c000 	C:\WINDOWS\system32\mswsock.dll
0x0000000074270000 - 0x0000000074281000 	C:\Program Files\Java\jdk1.8.0_102\jre\bin\nio.dll
0x00007ff8edcd0000 - 0x00007ff8edce2000 	C:\Users\TechFlitter\.gradle\native\19\windows-amd64\native-platform.dll
0x0000000180000000 - 0x0000000180037000 	C:\Users\TechFlitter\.gradle\native\jna\win32-amd64\jnidispatch.dll
0x00007ff9032e0000 - 0x00007ff9032f7000 	C:\WINDOWS\SYSTEM32\CRYPTSP.dll
0x00007ff902db0000 - 0x00007ff902de3000 	C:\WINDOWS\system32\rsaenh.dll
0x00007ff903670000 - 0x00007ff90369b000 	C:\WINDOWS\SYSTEM32\bcrypt.dll
0x00007ff902a00000 - 0x00007ff902a1f000 	C:\WINDOWS\SYSTEM32\USERENV.dll
0x00007ff902ea0000 - 0x00007ff902eab000 	C:\WINDOWS\SYSTEM32\CRYPTBASE.dll
0x00007ff9029c0000 - 0x00007ff9029f8000 	C:\WINDOWS\SYSTEM32\IPHLPAPI.DLL
0x00007ff906930000 - 0x00007ff906938000 	C:\WINDOWS\System32\NSI.dll
0x00007ff8fe6c0000 - 0x00007ff8fe6d6000 	C:\WINDOWS\SYSTEM32\dhcpcsvc6.DLL
0x00007ff8fe6a0000 - 0x00007ff8fe6ba000 	C:\WINDOWS\SYSTEM32\dhcpcsvc.DLL
0x0000000074260000 - 0x000000007426d000 	C:\Program Files\Java\jdk1.8.0_102\jre\bin\management.dll
0x00007ff903300000 - 0x00007ff903492000 	C:\WINDOWS\SYSTEM32\dbghelp.dll

VM Arguments:
jvm_args: -Dorg.gradle.appname=gradlew 
java_command: org.gradle.wrapper.GradleWrapperMain installDebug
java_class_path (initial): C:\React-NewsFeed\ReactNative-NewsFeed\SampleApplication\android\\gradle\wrapper\gradle-wrapper.jar
Launcher Type: SUN_STANDARD

Environment Variables:
JAVA_HOME=C:\Program Files\Java\jdk1.8.0_102
CLASSPATH=C:\React-NewsFeed\ReactNative-NewsFeed\SampleApplication\android\\gradle\wrapper\gradle-wrapper.jar
PATH=C:\Program Files\Docker\Docker\Resources\bin;C:\Python27\;C:\Python27\Scripts;C:\ProgramData\Oracle\Java\javapath;C:\WINDOWS\system32;C:\WINDOWS;C:\WINDOWS\System32\Wbem;C:\WINDOWS\System32\WindowsPowerShell\v1.0\;C:\ProgramData\chocolatey\bin;C:\Program Files\nodejs\;C:\Program Files\Git\bin;C:\Program Files (x86)\Skype\Phone\;E:\AndroidStudio\sdk\platform-tools;C:\Users\TechFlitter\AppData\Roaming\npm;C:\Users\TechFlitter\AppData\Local\Microsoft\WindowsApps;C:\Program Files (x86)\Microsoft VS Code\bin;C:\Program Files\Heroku\bin;E:\AndroidStudio\sdk\platform-tools
USERNAME=TechFlitter
OS=Windows_NT
PROCESSOR_IDENTIFIER=Intel64 Family 6 Model 37 Stepping 5, GenuineIntel



---------------  S Y S T E M  ---------------

OS: Windows 10.0 , 64 bit Build 14393 (10.0.14393.0)

CPU:total 4 (2 cores per cpu, 2 threads per core) family 6 model 37 stepping 5, cmov, cx8, fxsr, mmx, sse, sse2, sse3, ssse3, sse4.1, sse4.2, popcnt, ht, tsc, tscinvbit

Memory: 4k page, physical 8183252k(3949964k free), swap 13688276k(8164124k free)

vm_info: Java HotSpot(TM) 64-Bit Server VM (25.102-b14) for windows-amd64 JRE (1.8.0_102-b14), built on Jun 22 2016 13:15:21 by "java_re" with MS VC++ 10.0 (VS2010)

time: Wed Jun 28 21:26:59 2017
elapsed time: 9 seconds (0d 0h 0m 9s)

